<?xml version="1.0" encoding="utf-8"?>
<!DOCTYPE coverage SYSTEM "http://cobertura.sourceforge.net/xml/coverage-04.dtd">
<coverage line-rate="1" branch-rate="0.875" lines-covered="280" lines-valid="280" branches-covered="14" branches-valid="16" complexity="83" version="0" timestamp="1696781202">
  <sources>
    <source>/home/runner/work/Oracle.API/Oracle.API/src/</source>
    <source>/home/runner/work/Oracle.API/Oracle.API/src/Oracle.Core/</source>
  </sources>
  <packages>
    <package name="Oracle.API" line-rate="1" branch-rate="0.8571428571428571" complexity="18">
      <classes>
        <class name="Oracle.API.Controllers.DepartmentV1Controller" filename="/home/runner/work/Oracle.API/Oracle.API/src/Oracle.API/Controllers/DepartmentV1Controller.cs" line-rate="1" branch-rate="0.8333333333333334" complexity="8">
          <methods>
            <method name=".ctor" signature="(Mediator.IMediator)" line-rate="1" branch-rate="1" complexity="1">
              <lines>
                <line number="15" hits="8" branch="false" />
                <line number="16" hits="8" branch="false" />
                <line number="17" hits="8" branch="false" />
                <line number="18" hits="8" branch="false" />
              </lines>
            </method>
            <method name="Create" signature="()" line-rate="1" branch-rate="0.5" complexity="2">
              <lines>
                <line number="59" hits="1" branch="false" />
                <line number="60" hits="1" branch="false" />
                <line number="61" hits="1" branch="false" />
                <line number="62" hits="1" branch="true" condition-coverage="50% (1/2)" />
                <line number="63" hits="1" branch="false" />
                <line number="64" hits="1" branch="false" />
                <line number="65" hits="1" branch="false" />
                <line number="66" hits="1" branch="false" />
              </lines>
            </method>
            <method name="DeleteDepartment" signature="()" line-rate="1" branch-rate="1" complexity="2">
              <lines>
                <line number="78" hits="2" branch="false" />
                <line number="79" hits="2" branch="false" />
                <line number="80" hits="2" branch="false" />
                <line number="81" hits="2" branch="true" condition-coverage="100% (2/2)" />
                <line number="82" hits="2" branch="false" />
              </lines>
            </method>
            <method name="Department" signature="()" line-rate="1" branch-rate="1" complexity="2">
              <lines>
                <line number="43" hits="2" branch="false" />
                <line number="44" hits="2" branch="false" />
                <line number="45" hits="2" branch="false" />
                <line number="46" hits="2" branch="true" condition-coverage="100% (2/2)" />
                <line number="47" hits="2" branch="false" />
              </lines>
            </method>
            <method name="Departments" signature="()" line-rate="1" branch-rate="1" complexity="1">
              <lines>
                <line number="28" hits="2" branch="false" />
                <line number="29" hits="2" branch="false" />
                <line number="30" hits="2" branch="false" />
                <line number="31" hits="2" branch="false" />
              </lines>
            </method>
          </methods>
          <lines>
            <line number="15" hits="8" branch="false" />
            <line number="16" hits="8" branch="false" />
            <line number="17" hits="8" branch="false" />
            <line number="18" hits="8" branch="false" />
            <line number="28" hits="2" branch="false" />
            <line number="29" hits="2" branch="false" />
            <line number="30" hits="2" branch="false" />
            <line number="31" hits="2" branch="false" />
            <line number="43" hits="2" branch="false" />
            <line number="44" hits="2" branch="false" />
            <line number="45" hits="2" branch="false" />
            <line number="46" hits="2" branch="true" condition-coverage="100% (2/2)" />
            <line number="47" hits="2" branch="false" />
            <line number="59" hits="1" branch="false" />
            <line number="60" hits="1" branch="false" />
            <line number="61" hits="1" branch="false" />
            <line number="62" hits="1" branch="true" condition-coverage="50% (1/2)" />
            <line number="63" hits="1" branch="false" />
            <line number="64" hits="1" branch="false" />
            <line number="65" hits="1" branch="false" />
            <line number="66" hits="1" branch="false" />
            <line number="78" hits="2" branch="false" />
            <line number="79" hits="2" branch="false" />
            <line number="80" hits="2" branch="false" />
            <line number="81" hits="2" branch="true" condition-coverage="100% (2/2)" />
            <line number="82" hits="2" branch="false" />
          </lines>
        </class>
        <class name="Oracle.API.Controllers.EmployeeV1Controller" filename="/home/runner/work/Oracle.API/Oracle.API/src/Oracle.API/Controllers/EmployeeV1Controller.cs" line-rate="1" branch-rate="0.8333333333333334" complexity="8">
          <methods>
            <method name=".ctor" signature="(Mediator.IMediator)" line-rate="1" branch-rate="1" complexity="1">
              <lines>
                <line number="15" hits="8" branch="false" />
                <line number="16" hits="8" branch="false" />
                <line number="17" hits="8" branch="false" />
                <line number="18" hits="8" branch="false" />
              </lines>
            </method>
            <method name="CreateEmployee" signature="()" line-rate="1" branch-rate="0.5" complexity="2">
              <lines>
                <line number="59" hits="1" branch="false" />
                <line number="60" hits="1" branch="false" />
                <line number="61" hits="1" branch="false" />
                <line number="62" hits="1" branch="true" condition-coverage="50% (1/2)" />
                <line number="63" hits="1" branch="false" />
                <line number="64" hits="1" branch="false" />
                <line number="65" hits="1" branch="false" />
                <line number="66" hits="1" branch="false" />
              </lines>
            </method>
            <method name="DeleteEmployee" signature="()" line-rate="1" branch-rate="1" complexity="2">
              <lines>
                <line number="78" hits="2" branch="false" />
                <line number="79" hits="2" branch="false" />
                <line number="80" hits="2" branch="false" />
                <line number="81" hits="2" branch="true" condition-coverage="100% (2/2)" />
                <line number="82" hits="2" branch="false" />
              </lines>
            </method>
            <method name="Employee" signature="()" line-rate="1" branch-rate="1" complexity="2">
              <lines>
                <line number="43" hits="2" branch="false" />
                <line number="44" hits="2" branch="false" />
                <line number="45" hits="2" branch="false" />
                <line number="46" hits="2" branch="true" condition-coverage="100% (2/2)" />
                <line number="47" hits="2" branch="false" />
              </lines>
            </method>
            <method name="GetEmployees" signature="()" line-rate="1" branch-rate="1" complexity="1">
              <lines>
                <line number="28" hits="2" branch="false" />
                <line number="29" hits="2" branch="false" />
                <line number="30" hits="2" branch="false" />
                <line number="31" hits="2" branch="false" />
              </lines>
            </method>
          </methods>
          <lines>
            <line number="15" hits="8" branch="false" />
            <line number="16" hits="8" branch="false" />
            <line number="17" hits="8" branch="false" />
            <line number="18" hits="8" branch="false" />
            <line number="28" hits="2" branch="false" />
            <line number="29" hits="2" branch="false" />
            <line number="30" hits="2" branch="false" />
            <line number="31" hits="2" branch="false" />
            <line number="43" hits="2" branch="false" />
            <line number="44" hits="2" branch="false" />
            <line number="45" hits="2" branch="false" />
            <line number="46" hits="2" branch="true" condition-coverage="100% (2/2)" />
            <line number="47" hits="2" branch="false" />
            <line number="59" hits="1" branch="false" />
            <line number="60" hits="1" branch="false" />
            <line number="61" hits="1" branch="false" />
            <line number="62" hits="1" branch="true" condition-coverage="50% (1/2)" />
            <line number="63" hits="1" branch="false" />
            <line number="64" hits="1" branch="false" />
            <line number="65" hits="1" branch="false" />
            <line number="66" hits="1" branch="false" />
            <line number="78" hits="2" branch="false" />
            <line number="79" hits="2" branch="false" />
            <line number="80" hits="2" branch="false" />
            <line number="81" hits="2" branch="true" condition-coverage="100% (2/2)" />
            <line number="82" hits="2" branch="false" />
          </lines>
        </class>
        <class name="Program" filename="/home/runner/work/Oracle.API/Oracle.API/src/Oracle.API/Program.cs" line-rate="1" branch-rate="1" complexity="2">
          <methods>
            <method name="&lt;Main&gt;$" signature="(System.String[])" line-rate="1" branch-rate="1" complexity="2">
              <lines>
                <line number="4" hits="1" branch="false" />
                <line number="5" hits="1" branch="false" />
                <line number="6" hits="1" branch="false" />
                <line number="7" hits="1" branch="false" />
                <line number="8" hits="1" branch="false" />
                <line number="9" hits="1" branch="false" />
                <line number="10" hits="2" branch="false" />
                <line number="11" hits="1" branch="false" />
                <line number="12" hits="2" branch="false" />
                <line number="14" hits="1" branch="false" />
                <line number="16" hits="1" branch="true" condition-coverage="100% (2/2)" />
                <line number="17" hits="1" branch="false" />
                <line number="18" hits="1" branch="false" />
                <line number="19" hits="1" branch="false" />
                <line number="20" hits="1" branch="false" />
                <line number="22" hits="1" branch="false" />
                <line number="23" hits="1" branch="false" />
                <line number="25" hits="1" branch="false" />
                <line number="27" hits="1" branch="false" />
              </lines>
            </method>
          </methods>
          <lines>
            <line number="4" hits="1" branch="false" />
            <line number="5" hits="1" branch="false" />
            <line number="6" hits="1" branch="false" />
            <line number="7" hits="1" branch="false" />
            <line number="8" hits="1" branch="false" />
            <line number="9" hits="1" branch="false" />
            <line number="10" hits="2" branch="false" />
            <line number="11" hits="1" branch="false" />
            <line number="12" hits="2" branch="false" />
            <line number="14" hits="1" branch="false" />
            <line number="16" hits="1" branch="true" condition-coverage="100% (2/2)" />
            <line number="17" hits="1" branch="false" />
            <line number="18" hits="1" branch="false" />
            <line number="19" hits="1" branch="false" />
            <line number="20" hits="1" branch="false" />
            <line number="22" hits="1" branch="false" />
            <line number="23" hits="1" branch="false" />
            <line number="25" hits="1" branch="false" />
            <line number="27" hits="1" branch="false" />
          </lines>
        </class>
      </classes>
    </package>
    <package name="Oracle.Core" line-rate="1" branch-rate="1" complexity="47">
      <classes>
        <class name="Oracle.Core.CreateDepartmentRequest" filename="/home/runner/work/Oracle.API/Oracle.API/src/Oracle.Core/CreateDepartmentRequest.cs" line-rate="1" branch-rate="1" complexity="1">
          <methods>
            <method name="get_Name" signature="()" line-rate="1" branch-rate="1" complexity="1">
              <lines>
                <line number="8" hits="16" branch="false" />
              </lines>
            </method>
          </methods>
          <lines>
            <line number="8" hits="16" branch="false" />
          </lines>
        </class>
        <class name="Oracle.Core.CreateEmployeeRequest" filename="/home/runner/work/Oracle.API/Oracle.API/src/Oracle.Core/CreateEmployeeRequest.cs" line-rate="1" branch-rate="1" complexity="5">
          <methods>
            <method name="get_UserName" signature="()" line-rate="1" branch-rate="1" complexity="1">
              <lines>
                <line number="8" hits="16" branch="false" />
              </lines>
            </method>
            <method name="get_Password" signature="()" line-rate="1" branch-rate="1" complexity="1">
              <lines>
                <line number="11" hits="14" branch="false" />
              </lines>
            </method>
            <method name="get_FirstName" signature="()" line-rate="1" branch-rate="1" complexity="1">
              <lines>
                <line number="14" hits="14" branch="false" />
              </lines>
            </method>
            <method name="get_LastName" signature="()" line-rate="1" branch-rate="1" complexity="1">
              <lines>
                <line number="17" hits="14" branch="false" />
              </lines>
            </method>
            <method name="get_DepartmentId" signature="()" line-rate="1" branch-rate="1" complexity="1">
              <lines>
                <line number="20" hits="17" branch="false" />
              </lines>
            </method>
          </methods>
          <lines>
            <line number="8" hits="16" branch="false" />
            <line number="11" hits="14" branch="false" />
            <line number="14" hits="14" branch="false" />
            <line number="17" hits="14" branch="false" />
            <line number="20" hits="17" branch="false" />
          </lines>
        </class>
        <class name="Oracle.Core.Department" filename="/home/runner/work/Oracle.API/Oracle.API/src/Oracle.Core/Department.cs" line-rate="1" branch-rate="1" complexity="2">
          <methods>
            <method name="get_DepartmentId" signature="()" line-rate="1" branch-rate="1" complexity="1">
              <lines>
                <line number="5" hits="38" branch="false" />
              </lines>
            </method>
            <method name="get_Name" signature="()" line-rate="1" branch-rate="1" complexity="1">
              <lines>
                <line number="7" hits="57" branch="false" />
              </lines>
            </method>
          </methods>
          <lines>
            <line number="5" hits="38" branch="false" />
            <line number="7" hits="57" branch="false" />
          </lines>
        </class>
        <class name="Oracle.Core.DepartmentsResponse" filename="/home/runner/work/Oracle.API/Oracle.API/src/Oracle.Core/DepartmentsResponse.cs" line-rate="1" branch-rate="1" complexity="1">
          <methods>
            <method name="get_Departments" signature="()" line-rate="1" branch-rate="1" complexity="1">
              <lines>
                <line number="5" hits="14" branch="false" />
              </lines>
            </method>
          </methods>
          <lines>
            <line number="5" hits="14" branch="false" />
          </lines>
        </class>
        <class name="Oracle.Core.Employee" filename="/home/runner/work/Oracle.API/Oracle.API/src/Oracle.Core/Employee.cs" line-rate="1" branch-rate="1" complexity="7">
          <methods>
            <method name="get_EmployeeId" signature="()" line-rate="1" branch-rate="1" complexity="1">
              <lines>
                <line number="5" hits="21" branch="false" />
              </lines>
            </method>
            <method name="get_UserName" signature="()" line-rate="1" branch-rate="1" complexity="1">
              <lines>
                <line number="7" hits="30" branch="false" />
              </lines>
            </method>
            <method name="get_Password" signature="()" line-rate="1" branch-rate="1" complexity="1">
              <lines>
                <line number="9" hits="25" branch="false" />
              </lines>
            </method>
            <method name="get_FirstName" signature="()" line-rate="1" branch-rate="1" complexity="1">
              <lines>
                <line number="11" hits="25" branch="false" />
              </lines>
            </method>
            <method name="get_LastName" signature="()" line-rate="1" branch-rate="1" complexity="1">
              <lines>
                <line number="13" hits="25" branch="false" />
              </lines>
            </method>
            <method name="get_DepartmentId" signature="()" line-rate="1" branch-rate="1" complexity="1">
              <lines>
                <line number="15" hits="15" branch="false" />
              </lines>
            </method>
            <method name="get_Department" signature="()" line-rate="1" branch-rate="1" complexity="1">
              <lines>
                <line number="17" hits="27" branch="false" />
              </lines>
            </method>
          </methods>
          <lines>
            <line number="5" hits="21" branch="false" />
            <line number="7" hits="30" branch="false" />
            <line number="9" hits="25" branch="false" />
            <line number="11" hits="25" branch="false" />
            <line number="13" hits="25" branch="false" />
            <line number="15" hits="15" branch="false" />
            <line number="17" hits="27" branch="false" />
          </lines>
        </class>
        <class name="Oracle.Core.EmployeesResponse" filename="/home/runner/work/Oracle.API/Oracle.API/src/Oracle.Core/EmployeesResponse.cs" line-rate="1" branch-rate="1" complexity="1">
          <methods>
            <method name="get_Employees" signature="()" line-rate="1" branch-rate="1" complexity="1">
              <lines>
                <line number="5" hits="14" branch="false" />
              </lines>
            </method>
          </methods>
          <lines>
            <line number="5" hits="14" branch="false" />
          </lines>
        </class>
        <class name="Oracle.Core.Incoming.Commands.CreateDepartmentCommandHandler" filename="/home/runner/work/Oracle.API/Oracle.API/src/Oracle.Core/Incoming/Commands/CreateDepartmentCommand.cs" line-rate="1" branch-rate="1" complexity="2">
          <methods>
            <method name=".ctor" signature="(Oracle.Core.Outgoing.IDepartmentRepository)" line-rate="1" branch-rate="1" complexity="1">
              <lines>
                <line number="12" hits="1" branch="false" />
                <line number="13" hits="1" branch="false" />
                <line number="14" hits="1" branch="false" />
                <line number="15" hits="1" branch="false" />
              </lines>
            </method>
            <method name="Handle" signature="()" line-rate="1" branch-rate="1" complexity="1">
              <lines>
                <line number="19" hits="1" branch="false" />
                <line number="20" hits="1" branch="false" />
                <line number="21" hits="1" branch="false" />
                <line number="22" hits="1" branch="false" />
                <line number="23" hits="1" branch="false" />
              </lines>
            </method>
          </methods>
          <lines>
            <line number="12" hits="1" branch="false" />
            <line number="13" hits="1" branch="false" />
            <line number="14" hits="1" branch="false" />
            <line number="15" hits="1" branch="false" />
            <line number="19" hits="1" branch="false" />
            <line number="20" hits="1" branch="false" />
            <line number="21" hits="1" branch="false" />
            <line number="22" hits="1" branch="false" />
            <line number="23" hits="1" branch="false" />
          </lines>
        </class>
        <class name="Oracle.Core.Incoming.Commands.CreateUserCommandHandler" filename="/home/runner/work/Oracle.API/Oracle.API/src/Oracle.Core/Incoming/Commands/CreateEmployeeCommand.cs" line-rate="1" branch-rate="1" complexity="2">
          <methods>
            <method name=".ctor" signature="(Oracle.Core.Outgoing.IEmployeeRepository,Oracle.Core.Outgoing.IDepartmentRepository)" line-rate="1" branch-rate="1" complexity="1">
              <lines>
                <line number="13" hits="1" branch="false" />
                <line number="14" hits="1" branch="false" />
                <line number="15" hits="1" branch="false" />
                <line number="16" hits="1" branch="false" />
                <line number="17" hits="1" branch="false" />
                <line number="18" hits="1" branch="false" />
                <line number="19" hits="1" branch="false" />
              </lines>
            </method>
            <method name="Handle" signature="()" line-rate="1" branch-rate="1" complexity="1">
              <lines>
                <line number="23" hits="1" branch="false" />
                <line number="24" hits="1" branch="false" />
                <line number="25" hits="1" branch="false" />
                <line number="26" hits="1" branch="false" />
                <line number="27" hits="1" branch="false" />
                <line number="28" hits="1" branch="false" />
                <line number="29" hits="1" branch="false" />
                <line number="30" hits="1" branch="false" />
                <line number="31" hits="1" branch="false" />
                <line number="32" hits="1" branch="false" />
                <line number="33" hits="1" branch="false" />
                <line number="34" hits="1" branch="false" />
                <line number="35" hits="1" branch="false" />
                <line number="36" hits="1" branch="false" />
                <line number="37" hits="1" branch="false" />
              </lines>
            </method>
          </methods>
          <lines>
            <line number="13" hits="1" branch="false" />
            <line number="14" hits="1" branch="false" />
            <line number="15" hits="1" branch="false" />
            <line number="16" hits="1" branch="false" />
            <line number="17" hits="1" branch="false" />
            <line number="18" hits="1" branch="false" />
            <line number="19" hits="1" branch="false" />
            <line number="23" hits="1" branch="false" />
            <line number="24" hits="1" branch="false" />
            <line number="25" hits="1" branch="false" />
            <line number="26" hits="1" branch="false" />
            <line number="27" hits="1" branch="false" />
            <line number="28" hits="1" branch="false" />
            <line number="29" hits="1" branch="false" />
            <line number="30" hits="1" branch="false" />
            <line number="31" hits="1" branch="false" />
            <line number="32" hits="1" branch="false" />
            <line number="33" hits="1" branch="false" />
            <line number="34" hits="1" branch="false" />
            <line number="35" hits="1" branch="false" />
            <line number="36" hits="1" branch="false" />
            <line number="37" hits="1" branch="false" />
          </lines>
        </class>
        <class name="Oracle.Core.Incoming.Commands.DeleteDepartmentCommand" filename="/home/runner/work/Oracle.API/Oracle.API/src/Oracle.Core/Incoming/Commands/DeleteDepartmentCommand.cs" line-rate="1" branch-rate="1" complexity="1">
          <methods>
            <method name="get_DepartmentId" signature="()" line-rate="1" branch-rate="1" complexity="1">
              <lines>
                <line number="6" hits="6" branch="false" />
              </lines>
            </method>
          </methods>
          <lines>
            <line number="6" hits="6" branch="false" />
          </lines>
        </class>
        <class name="Oracle.Core.Incoming.Commands.DeleteDepartmentCommandHandler" filename="/home/runner/work/Oracle.API/Oracle.API/src/Oracle.Core/Incoming/Commands/DeleteDepartmentCommand.cs" line-rate="1" branch-rate="1" complexity="2">
          <methods>
            <method name=".ctor" signature="(Oracle.Core.Outgoing.IDepartmentRepository)" line-rate="1" branch-rate="1" complexity="1">
              <lines>
                <line number="12" hits="2" branch="false" />
                <line number="13" hits="2" branch="false" />
                <line number="14" hits="2" branch="false" />
                <line number="15" hits="2" branch="false" />
              </lines>
            </method>
            <method name="Handle" signature="()" line-rate="1" branch-rate="1" complexity="1">
              <lines>
                <line number="19" hits="2" branch="false" />
                <line number="20" hits="2" branch="false" />
                <line number="21" hits="2" branch="false" />
                <line number="22" hits="2" branch="false" />
              </lines>
            </method>
          </methods>
          <lines>
            <line number="12" hits="2" branch="false" />
            <line number="13" hits="2" branch="false" />
            <line number="14" hits="2" branch="false" />
            <line number="15" hits="2" branch="false" />
            <line number="19" hits="2" branch="false" />
            <line number="20" hits="2" branch="false" />
            <line number="21" hits="2" branch="false" />
            <line number="22" hits="2" branch="false" />
          </lines>
        </class>
        <class name="Oracle.Core.Incoming.Commands.DeleteEmployeeCommand" filename="/home/runner/work/Oracle.API/Oracle.API/src/Oracle.Core/Incoming/Commands/DeleteEmployeeCommand.cs" line-rate="1" branch-rate="1" complexity="1">
          <methods>
            <method name="get_EmployeeId" signature="()" line-rate="1" branch-rate="1" complexity="1">
              <lines>
                <line number="6" hits="6" branch="false" />
              </lines>
            </method>
          </methods>
          <lines>
            <line number="6" hits="6" branch="false" />
          </lines>
        </class>
        <class name="Oracle.Core.Incoming.Commands.DeleteUserCommandHandler" filename="/home/runner/work/Oracle.API/Oracle.API/src/Oracle.Core/Incoming/Commands/DeleteEmployeeCommand.cs" line-rate="1" branch-rate="1" complexity="2">
          <methods>
            <method name=".ctor" signature="(Oracle.Core.Outgoing.IEmployeeRepository)" line-rate="1" branch-rate="1" complexity="1">
              <lines>
                <line number="12" hits="2" branch="false" />
                <line number="13" hits="2" branch="false" />
                <line number="14" hits="2" branch="false" />
                <line number="15" hits="2" branch="false" />
              </lines>
            </method>
            <method name="Handle" signature="()" line-rate="1" branch-rate="1" complexity="1">
              <lines>
                <line number="19" hits="2" branch="false" />
                <line number="20" hits="2" branch="false" />
                <line number="21" hits="2" branch="false" />
                <line number="22" hits="2" branch="false" />
              </lines>
            </method>
          </methods>
          <lines>
            <line number="12" hits="2" branch="false" />
            <line number="13" hits="2" branch="false" />
            <line number="14" hits="2" branch="false" />
            <line number="15" hits="2" branch="false" />
            <line number="19" hits="2" branch="false" />
            <line number="20" hits="2" branch="false" />
            <line number="21" hits="2" branch="false" />
            <line number="22" hits="2" branch="false" />
          </lines>
        </class>
        <class name="Oracle.Core.Incoming.Queries.GetDepartmentQuery" filename="/home/runner/work/Oracle.API/Oracle.API/src/Oracle.Core/Incoming/Queries/GetDepartmentQuery.cs" line-rate="1" branch-rate="1" complexity="1">
          <methods>
            <method name="get_DepartmentId" signature="()" line-rate="1" branch-rate="1" complexity="1">
              <lines>
                <line number="6" hits="6" branch="false" />
              </lines>
            </method>
          </methods>
          <lines>
            <line number="6" hits="6" branch="false" />
          </lines>
        </class>
        <class name="Oracle.Core.Incoming.Queries.GetDepartmentQueryHandler" filename="/home/runner/work/Oracle.API/Oracle.API/src/Oracle.Core/Incoming/Queries/GetDepartmentQuery.cs" line-rate="1" branch-rate="1" complexity="2">
          <methods>
            <method name=".ctor" signature="(Oracle.Core.Outgoing.IDepartmentRepository)" line-rate="1" branch-rate="1" complexity="1">
              <lines>
                <line number="12" hits="2" branch="false" />
                <line number="13" hits="2" branch="false" />
                <line number="14" hits="2" branch="false" />
                <line number="15" hits="2" branch="false" />
              </lines>
            </method>
            <method name="Handle" signature="()" line-rate="1" branch-rate="1" complexity="1">
              <lines>
                <line number="19" hits="2" branch="false" />
                <line number="20" hits="2" branch="false" />
                <line number="21" hits="2" branch="false" />
                <line number="22" hits="2" branch="false" />
              </lines>
            </method>
          </methods>
          <lines>
            <line number="12" hits="2" branch="false" />
            <line number="13" hits="2" branch="false" />
            <line number="14" hits="2" branch="false" />
            <line number="15" hits="2" branch="false" />
            <line number="19" hits="2" branch="false" />
            <line number="20" hits="2" branch="false" />
            <line number="21" hits="2" branch="false" />
            <line number="22" hits="2" branch="false" />
          </lines>
        </class>
        <class name="Oracle.Core.Incoming.Queries.GetDepartmentsQueryHandler" filename="/home/runner/work/Oracle.API/Oracle.API/src/Oracle.Core/Incoming/Queries/GetDepartmentsQuery.cs" line-rate="1" branch-rate="1" complexity="2">
          <methods>
            <method name=".ctor" signature="(Oracle.Core.Outgoing.IDepartmentRepository)" line-rate="1" branch-rate="1" complexity="1">
              <lines>
                <line number="12" hits="2" branch="false" />
                <line number="13" hits="2" branch="false" />
                <line number="14" hits="2" branch="false" />
                <line number="15" hits="2" branch="false" />
              </lines>
            </method>
            <method name="Handle" signature="()" line-rate="1" branch-rate="1" complexity="1">
              <lines>
                <line number="19" hits="2" branch="false" />
                <line number="20" hits="2" branch="false" />
                <line number="21" hits="2" branch="false" />
                <line number="22" hits="2" branch="false" />
                <line number="23" hits="2" branch="false" />
                <line number="24" hits="2" branch="false" />
                <line number="25" hits="2" branch="false" />
              </lines>
            </method>
          </methods>
          <lines>
            <line number="12" hits="2" branch="false" />
            <line number="13" hits="2" branch="false" />
            <line number="14" hits="2" branch="false" />
            <line number="15" hits="2" branch="false" />
            <line number="19" hits="2" branch="false" />
            <line number="20" hits="2" branch="false" />
            <line number="21" hits="2" branch="false" />
            <line number="22" hits="2" branch="false" />
            <line number="23" hits="2" branch="false" />
            <line number="24" hits="2" branch="false" />
            <line number="25" hits="2" branch="false" />
          </lines>
        </class>
        <class name="Oracle.Core.Incoming.Queries.GetEmployeeQuery" filename="/home/runner/work/Oracle.API/Oracle.API/src/Oracle.Core/Incoming/Queries/GetEmployeeQuery.cs" line-rate="1" branch-rate="1" complexity="1">
          <methods>
            <method name="get_UserId" signature="()" line-rate="1" branch-rate="1" complexity="1">
              <lines>
                <line number="6" hits="6" branch="false" />
              </lines>
            </method>
          </methods>
          <lines>
            <line number="6" hits="6" branch="false" />
          </lines>
        </class>
        <class name="Oracle.Core.Incoming.Queries.GetUserQueryHandler" filename="/home/runner/work/Oracle.API/Oracle.API/src/Oracle.Core/Incoming/Queries/GetEmployeeQuery.cs" line-rate="1" branch-rate="1" complexity="2">
          <methods>
            <method name=".ctor" signature="(Oracle.Core.Outgoing.IEmployeeRepository)" line-rate="1" branch-rate="1" complexity="1">
              <lines>
                <line number="12" hits="2" branch="false" />
                <line number="13" hits="2" branch="false" />
                <line number="14" hits="2" branch="false" />
                <line number="15" hits="2" branch="false" />
              </lines>
            </method>
            <method name="Handle" signature="()" line-rate="1" branch-rate="1" complexity="1">
              <lines>
                <line number="19" hits="2" branch="false" />
                <line number="20" hits="2" branch="false" />
                <line number="21" hits="2" branch="false" />
                <line number="22" hits="2" branch="false" />
              </lines>
            </method>
          </methods>
          <lines>
            <line number="12" hits="2" branch="false" />
            <line number="13" hits="2" branch="false" />
            <line number="14" hits="2" branch="false" />
            <line number="15" hits="2" branch="false" />
            <line number="19" hits="2" branch="false" />
            <line number="20" hits="2" branch="false" />
            <line number="21" hits="2" branch="false" />
            <line number="22" hits="2" branch="false" />
          </lines>
        </class>
        <class name="Oracle.Core.Incoming.Queries.GetUsersQueryHandler" filename="/home/runner/work/Oracle.API/Oracle.API/src/Oracle.Core/Incoming/Queries/GetEmployeesQuery.cs" line-rate="1" branch-rate="1" complexity="2">
          <methods>
            <method name=".ctor" signature="(Oracle.Core.Outgoing.IEmployeeRepository)" line-rate="1" branch-rate="1" complexity="1">
              <lines>
                <line number="12" hits="2" branch="false" />
                <line number="13" hits="2" branch="false" />
                <line number="14" hits="2" branch="false" />
                <line number="15" hits="2" branch="false" />
              </lines>
            </method>
            <method name="Handle" signature="()" line-rate="1" branch-rate="1" complexity="1">
              <lines>
                <line number="19" hits="2" branch="false" />
                <line number="20" hits="2" branch="false" />
                <line number="21" hits="2" branch="false" />
                <line number="22" hits="2" branch="false" />
                <line number="23" hits="2" branch="false" />
                <line number="24" hits="2" branch="false" />
                <line number="25" hits="2" branch="false" />
              </lines>
            </method>
          </methods>
          <lines>
            <line number="12" hits="2" branch="false" />
            <line number="13" hits="2" branch="false" />
            <line number="14" hits="2" branch="false" />
            <line number="15" hits="2" branch="false" />
            <line number="19" hits="2" branch="false" />
            <line number="20" hits="2" branch="false" />
            <line number="21" hits="2" branch="false" />
            <line number="22" hits="2" branch="false" />
            <line number="23" hits="2" branch="false" />
            <line number="24" hits="2" branch="false" />
            <line number="25" hits="2" branch="false" />
          </lines>
        </class>
        <class name="Oracle.Core.Outgoing.DepartmentData" filename="/home/runner/work/Oracle.API/Oracle.API/src/Oracle.Core/Outgoing/DepartmentData.cs" line-rate="1" branch-rate="1" complexity="3">
          <methods>
            <method name="get_DepartmentId" signature="()" line-rate="1" branch-rate="1" complexity="1">
              <lines>
                <line number="5" hits="40" branch="false" />
              </lines>
            </method>
            <method name="get_Name" signature="()" line-rate="1" branch-rate="1" complexity="1">
              <lines>
                <line number="7" hits="68" branch="false" />
              </lines>
            </method>
            <method name="get_Employees" signature="()" line-rate="1" branch-rate="1" complexity="1">
              <lines>
                <line number="9" hits="34" branch="false" />
              </lines>
            </method>
          </methods>
          <lines>
            <line number="5" hits="40" branch="false" />
            <line number="7" hits="68" branch="false" />
            <line number="9" hits="34" branch="false" />
          </lines>
        </class>
        <class name="Oracle.Core.Outgoing.EmployeeData" filename="/home/runner/work/Oracle.API/Oracle.API/src/Oracle.Core/Outgoing/EmployeeData.cs" line-rate="1" branch-rate="1" complexity="7">
          <methods>
            <method name="get_EmployeeId" signature="()" line-rate="1" branch-rate="1" complexity="1">
              <lines>
                <line number="5" hits="24" branch="false" />
              </lines>
            </method>
            <method name="get_UserName" signature="()" line-rate="1" branch-rate="1" complexity="1">
              <lines>
                <line number="7" hits="51" branch="false" />
              </lines>
            </method>
            <method name="get_Password" signature="()" line-rate="1" branch-rate="1" complexity="1">
              <lines>
                <line number="9" hits="32" branch="false" />
              </lines>
            </method>
            <method name="get_FirstName" signature="()" line-rate="1" branch-rate="1" complexity="1">
              <lines>
                <line number="11" hits="32" branch="false" />
              </lines>
            </method>
            <method name="get_LastName" signature="()" line-rate="1" branch-rate="1" complexity="1">
              <lines>
                <line number="13" hits="32" branch="false" />
              </lines>
            </method>
            <method name="get_DepartmentId" signature="()" line-rate="1" branch-rate="1" complexity="1">
              <lines>
                <line number="15" hits="16" branch="false" />
              </lines>
            </method>
            <method name="get_Department" signature="()" line-rate="1" branch-rate="1" complexity="1">
              <lines>
                <line number="17" hits="27" branch="false" />
              </lines>
            </method>
          </methods>
          <lines>
            <line number="5" hits="24" branch="false" />
            <line number="7" hits="51" branch="false" />
            <line number="9" hits="32" branch="false" />
            <line number="11" hits="32" branch="false" />
            <line number="13" hits="32" branch="false" />
            <line number="15" hits="16" branch="false" />
            <line number="17" hits="27" branch="false" />
          </lines>
        </class>
      </classes>
    </package>
    <package name="Oracle.Database" line-rate="1" branch-rate="1" complexity="18">
      <classes>
        <class name="Oracle.Database.DepartmentDataConfiguration" filename="/home/runner/work/Oracle.API/Oracle.API/src/Oracle.Database/DepartmentDataConfiguration.cs" line-rate="1" branch-rate="1" complexity="1">
          <methods>
            <method name="Configure" signature="(Microsoft.EntityFrameworkCore.Metadata.Builders.EntityTypeBuilder`1&lt;Oracle.Core.Outgoing.DepartmentData&gt;)" line-rate="1" branch-rate="1" complexity="1">
              <lines>
                <line number="10" hits="3" branch="false" />
                <line number="11" hits="3" branch="false" />
                <line number="12" hits="3" branch="false" />
                <line number="14" hits="3" branch="false" />
                <line number="16" hits="3" branch="false" />
                <line number="17" hits="3" branch="false" />
                <line number="18" hits="3" branch="false" />
                <line number="20" hits="3" branch="false" />
                <line number="21" hits="3" branch="false" />
              </lines>
            </method>
          </methods>
          <lines>
            <line number="10" hits="3" branch="false" />
            <line number="11" hits="3" branch="false" />
            <line number="12" hits="3" branch="false" />
            <line number="14" hits="3" branch="false" />
            <line number="16" hits="3" branch="false" />
            <line number="17" hits="3" branch="false" />
            <line number="18" hits="3" branch="false" />
            <line number="20" hits="3" branch="false" />
            <line number="21" hits="3" branch="false" />
          </lines>
        </class>
        <class name="Oracle.Database.DepartmentRepository" filename="/home/runner/work/Oracle.API/Oracle.API/src/Oracle.Database/DepartmentRepository.cs" line-rate="1" branch-rate="1" complexity="5">
          <methods>
            <method name=".ctor" signature="(Oracle.Database.OracleDbContext)" line-rate="1" branch-rate="1" complexity="1">
              <lines>
                <line number="10" hits="13" branch="false" />
                <line number="11" hits="13" branch="false" />
                <line number="12" hits="13" branch="false" />
                <line number="13" hits="13" branch="false" />
              </lines>
            </method>
            <method name="DeleteDepartmentAsync" signature="()" line-rate="1" branch-rate="1" complexity="1">
              <lines>
                <line number="41" hits="3" branch="false" />
                <line number="42" hits="3" branch="false" />
                <line number="43" hits="3" branch="false" />
                <line number="44" hits="3" branch="false" />
                <line number="45" hits="3" branch="false" />
                <line number="46" hits="3" branch="false" />
              </lines>
            </method>
            <method name="GetDepartmentAsync" signature="()" line-rate="1" branch-rate="1" complexity="1">
              <lines>
                <line number="25" hits="5" branch="false" />
                <line number="26" hits="5" branch="false" />
                <line number="27" hits="5" branch="false" />
                <line number="28" hits="5" branch="false" />
                <line number="29" hits="5" branch="false" />
              </lines>
            </method>
            <method name="GetDepartmentsAsync" signature="()" line-rate="1" branch-rate="1" complexity="1">
              <lines>
                <line number="17" hits="3" branch="false" />
                <line number="18" hits="3" branch="false" />
                <line number="19" hits="3" branch="false" />
                <line number="20" hits="3" branch="false" />
                <line number="21" hits="3" branch="false" />
              </lines>
            </method>
            <method name="InsertDepartmentAsync" signature="()" line-rate="1" branch-rate="1" complexity="1">
              <lines>
                <line number="33" hits="2" branch="false" />
                <line number="34" hits="2" branch="false" />
                <line number="35" hits="2" branch="false" />
                <line number="36" hits="2" branch="false" />
                <line number="37" hits="2" branch="false" />
              </lines>
            </method>
          </methods>
          <lines>
            <line number="10" hits="13" branch="false" />
            <line number="11" hits="13" branch="false" />
            <line number="12" hits="13" branch="false" />
            <line number="13" hits="13" branch="false" />
            <line number="17" hits="3" branch="false" />
            <line number="18" hits="3" branch="false" />
            <line number="19" hits="3" branch="false" />
            <line number="20" hits="3" branch="false" />
            <line number="21" hits="3" branch="false" />
            <line number="25" hits="5" branch="false" />
            <line number="26" hits="5" branch="false" />
            <line number="27" hits="5" branch="false" />
            <line number="28" hits="5" branch="false" />
            <line number="29" hits="5" branch="false" />
            <line number="33" hits="2" branch="false" />
            <line number="34" hits="2" branch="false" />
            <line number="35" hits="2" branch="false" />
            <line number="36" hits="2" branch="false" />
            <line number="37" hits="2" branch="false" />
            <line number="41" hits="3" branch="false" />
            <line number="42" hits="3" branch="false" />
            <line number="43" hits="3" branch="false" />
            <line number="44" hits="3" branch="false" />
            <line number="45" hits="3" branch="false" />
            <line number="46" hits="3" branch="false" />
          </lines>
        </class>
        <class name="Oracle.Database.EmployeeDataConfiguration" filename="/home/runner/work/Oracle.API/Oracle.API/src/Oracle.Database/EmployeeDataConfiguration.cs" line-rate="1" branch-rate="1" complexity="1">
          <methods>
            <method name="Configure" signature="(Microsoft.EntityFrameworkCore.Metadata.Builders.EntityTypeBuilder`1&lt;Oracle.Core.Outgoing.EmployeeData&gt;)" line-rate="1" branch-rate="1" complexity="1">
              <lines>
                <line number="10" hits="3" branch="false" />
                <line number="11" hits="3" branch="false" />
                <line number="12" hits="3" branch="false" />
                <line number="13" hits="3" branch="false" />
                <line number="14" hits="3" branch="false" />
                <line number="15" hits="3" branch="false" />
                <line number="16" hits="3" branch="false" />
                <line number="18" hits="3" branch="false" />
                <line number="19" hits="3" branch="false" />
                <line number="21" hits="3" branch="false" />
                <line number="22" hits="3" branch="false" />
                <line number="23" hits="3" branch="false" />
                <line number="24" hits="3" branch="false" />
                <line number="26" hits="3" branch="false" />
                <line number="27" hits="3" branch="false" />
              </lines>
            </method>
          </methods>
          <lines>
            <line number="10" hits="3" branch="false" />
            <line number="11" hits="3" branch="false" />
            <line number="12" hits="3" branch="false" />
            <line number="13" hits="3" branch="false" />
            <line number="14" hits="3" branch="false" />
            <line number="15" hits="3" branch="false" />
            <line number="16" hits="3" branch="false" />
            <line number="18" hits="3" branch="false" />
            <line number="19" hits="3" branch="false" />
            <line number="21" hits="3" branch="false" />
            <line number="22" hits="3" branch="false" />
            <line number="23" hits="3" branch="false" />
            <line number="24" hits="3" branch="false" />
            <line number="26" hits="3" branch="false" />
            <line number="27" hits="3" branch="false" />
          </lines>
        </class>
        <class name="Oracle.Database.EmployeeRepository" filename="/home/runner/work/Oracle.API/Oracle.API/src/Oracle.Database/EmployeeRepository.cs" line-rate="1" branch-rate="1" complexity="5">
          <methods>
            <method name=".ctor" signature="(Oracle.Database.OracleDbContext)" line-rate="1" branch-rate="1" complexity="1">
              <lines>
                <line number="10" hits="12" branch="false" />
                <line number="11" hits="12" branch="false" />
                <line number="12" hits="12" branch="false" />
                <line number="13" hits="12" branch="false" />
              </lines>
            </method>
            <method name="DeleteEmployeeAsync" signature="()" line-rate="1" branch-rate="1" complexity="1">
              <lines>
                <line number="38" hits="3" branch="false" />
                <line number="39" hits="3" branch="false" />
                <line number="40" hits="3" branch="false" />
                <line number="41" hits="3" branch="false" />
                <line number="42" hits="3" branch="false" />
                <line number="43" hits="3" branch="false" />
              </lines>
            </method>
            <method name="GetEmployeeAsync" signature="()" line-rate="1" branch-rate="1" complexity="1">
              <lines>
                <line number="23" hits="4" branch="false" />
                <line number="24" hits="4" branch="false" />
                <line number="25" hits="4" branch="false" />
                <line number="26" hits="4" branch="false" />
                <line number="27" hits="4" branch="false" />
                <line number="28" hits="4" branch="false" />
              </lines>
            </method>
            <method name="GetEmployeesAsync" signature="()" line-rate="1" branch-rate="1" complexity="1">
              <lines>
                <line number="16" hits="3" branch="false" />
                <line number="17" hits="3" branch="false" />
                <line number="18" hits="3" branch="false" />
                <line number="19" hits="3" branch="false" />
                <line number="20" hits="3" branch="false" />
              </lines>
            </method>
            <method name="InsertEmployeeAsync" signature="()" line-rate="1" branch-rate="1" complexity="1">
              <lines>
                <line number="31" hits="2" branch="false" />
                <line number="32" hits="2" branch="false" />
                <line number="33" hits="2" branch="false" />
                <line number="34" hits="2" branch="false" />
                <line number="35" hits="2" branch="false" />
              </lines>
            </method>
          </methods>
          <lines>
            <line number="10" hits="12" branch="false" />
            <line number="11" hits="12" branch="false" />
            <line number="12" hits="12" branch="false" />
            <line number="13" hits="12" branch="false" />
            <line number="16" hits="3" branch="false" />
            <line number="17" hits="3" branch="false" />
            <line number="18" hits="3" branch="false" />
            <line number="19" hits="3" branch="false" />
            <line number="20" hits="3" branch="false" />
            <line number="23" hits="4" branch="false" />
            <line number="24" hits="4" branch="false" />
            <line number="25" hits="4" branch="false" />
            <line number="26" hits="4" branch="false" />
            <line number="27" hits="4" branch="false" />
            <line number="28" hits="4" branch="false" />
            <line number="31" hits="2" branch="false" />
            <line number="32" hits="2" branch="false" />
            <line number="33" hits="2" branch="false" />
            <line number="34" hits="2" branch="false" />
            <line number="35" hits="2" branch="false" />
            <line number="38" hits="3" branch="false" />
            <line number="39" hits="3" branch="false" />
            <line number="40" hits="3" branch="false" />
            <line number="41" hits="3" branch="false" />
            <line number="42" hits="3" branch="false" />
            <line number="43" hits="3" branch="false" />
          </lines>
        </class>
        <class name="Oracle.Database.OracleDbContext" filename="/home/runner/work/Oracle.API/Oracle.API/src/Oracle.Database/OracleDbContext.cs" line-rate="1" branch-rate="1" complexity="6">
          <methods>
            <method name="get_Departments" signature="()" line-rate="1" branch-rate="1" complexity="1">
              <lines>
                <line number="16" hits="70" branch="false" />
              </lines>
            </method>
            <method name="get_Employees" signature="()" line-rate="1" branch-rate="1" complexity="1">
              <lines>
                <line number="17" hits="65" branch="false" />
              </lines>
            </method>
            <method name="OnConfiguring" signature="(Microsoft.EntityFrameworkCore.DbContextOptionsBuilder)" line-rate="1" branch-rate="1" complexity="2">
              <lines>
                <line number="20" hits="17" branch="false" />
                <line number="21" hits="17" branch="true" condition-coverage="100% (2/2)" />
                <line number="22" hits="3" branch="false" />
                <line number="23" hits="3" branch="false" />
                <line number="24" hits="3" branch="false" />
                <line number="25" hits="3" branch="false" />
                <line number="26" hits="6" branch="false" />
                <line number="27" hits="3" branch="false" />
                <line number="28" hits="17" branch="false" />
              </lines>
            </method>
            <method name="OnModelCreating" signature="(Microsoft.EntityFrameworkCore.ModelBuilder)" line-rate="1" branch-rate="1" complexity="1">
              <lines>
                <line number="31" hits="3" branch="false" />
                <line number="32" hits="3" branch="false" />
                <line number="33" hits="3" branch="false" />
              </lines>
            </method>
            <method name=".ctor" signature="(Microsoft.EntityFrameworkCore.DbContextOptions`1&lt;Oracle.Database.OracleDbContext&gt;,Microsoft.Extensions.Configuration.IConfiguration)" line-rate="1" branch-rate="1" complexity="1">
              <lines>
                <line number="11" hits="17" branch="false" />
                <line number="12" hits="17" branch="false" />
                <line number="13" hits="17" branch="false" />
                <line number="14" hits="17" branch="false" />
              </lines>
            </method>
          </methods>
          <lines>
            <line number="11" hits="17" branch="false" />
            <line number="12" hits="17" branch="false" />
            <line number="13" hits="17" branch="false" />
            <line number="14" hits="17" branch="false" />
            <line number="16" hits="70" branch="false" />
            <line number="17" hits="65" branch="false" />
            <line number="20" hits="17" branch="false" />
            <line number="21" hits="17" branch="true" condition-coverage="100% (2/2)" />
            <line number="22" hits="3" branch="false" />
            <line number="23" hits="3" branch="false" />
            <line number="24" hits="3" branch="false" />
            <line number="25" hits="3" branch="false" />
            <line number="26" hits="6" branch="false" />
            <line number="27" hits="3" branch="false" />
            <line number="28" hits="17" branch="false" />
            <line number="31" hits="3" branch="false" />
            <line number="32" hits="3" branch="false" />
            <line number="33" hits="3" branch="false" />
          </lines>
        </class>
      </classes>
    </package>
  </packages>
</coverage>